0 info it worked if it ends with ok
1 verbose cli [ '/usr/bin/nodejs', '/usr/bin/npm', 'start' ]
2 info using npm@3.10.8
3 info using node@v6.9.1
4 verbose run-script [ 'prestart', 'start', 'poststart' ]
5 info lifecycle todaytask@0.0.0~prestart: todaytask@0.0.0
6 silly lifecycle todaytask@0.0.0~prestart: no script for prestart, continuing
7 info lifecycle todaytask@0.0.0~start: todaytask@0.0.0
8 verbose lifecycle todaytask@0.0.0~start: unsafe-perm in lifecycle true
9 verbose lifecycle todaytask@0.0.0~start: PATH: /usr/lib/node_modules/npm/bin/node-gyp-bin:/home/local/ZOHOCORP/deepak-3386/eclipse-workspace/TodayTask/node_modules/.bin:/usr/ant/apache-ant-1.8.1/bin:/usr/local/go/bin:/home/local/ZOHOCORP/deepak-3386/bin:/home/local/ZOHOCORP/deepak-3386/.local/bin:/usr/local/sbin:/usr/local/bin:/usr/sbin:/usr/bin:/sbin:/bin:/usr/games:/usr/local/games:/snap/bin:’/opt/sqlmap’:/opt/jdk1.8.0/bin:/usr/lib/gopkgs/bin
10 verbose lifecycle todaytask@0.0.0~start: CWD: /home/local/ZOHOCORP/deepak-3386/eclipse-workspace/TodayTask
11 silly lifecycle todaytask@0.0.0~start: Args: [ '-c', 'node ./bin/www' ]
12 silly lifecycle todaytask@0.0.0~start: Returned: code: 1  signal: null
13 info lifecycle todaytask@0.0.0~start: Failed to exec start script
14 verbose stack Error: todaytask@0.0.0 start: `node ./bin/www`
14 verbose stack Exit status 1
14 verbose stack     at EventEmitter.<anonymous> (/usr/lib/node_modules/npm/lib/utils/lifecycle.js:255:16)
14 verbose stack     at emitTwo (events.js:106:13)
14 verbose stack     at EventEmitter.emit (events.js:191:7)
14 verbose stack     at ChildProcess.<anonymous> (/usr/lib/node_modules/npm/lib/utils/spawn.js:40:14)
14 verbose stack     at emitTwo (events.js:106:13)
14 verbose stack     at ChildProcess.emit (events.js:191:7)
14 verbose stack     at maybeClose (internal/child_process.js:877:16)
14 verbose stack     at Process.ChildProcess._handle.onexit (internal/child_process.js:226:5)
15 verbose pkgid todaytask@0.0.0
16 verbose cwd /home/local/ZOHOCORP/deepak-3386/eclipse-workspace/TodayTask
17 error Linux 4.4.0-96-generic
18 error argv "/usr/bin/nodejs" "/usr/bin/npm" "start"
19 error node v6.9.1
20 error npm  v3.10.8
21 error code ELIFECYCLE
22 error todaytask@0.0.0 start: `node ./bin/www`
22 error Exit status 1
23 error Failed at the todaytask@0.0.0 start script 'node ./bin/www'.
23 error Make sure you have the latest version of node.js and npm installed.
23 error If you do, this is most likely a problem with the todaytask package,
23 error not with npm itself.
23 error Tell the author that this fails on your system:
23 error     node ./bin/www
23 error You can get information on how to open an issue for this project with:
23 error     npm bugs todaytask
23 error Or if that isn't available, you can get their info via:
23 error     npm owner ls todaytask
23 error There is likely additional logging output above.
24 verbose exit [ 1, true ]
